03/23/2017 15:02:57 Entered ServiceMain
03/23/2017 15:02:57 Entered InitService
03/23/2017 15:02:57 Successfully created commands communications channel
03/23/2017 15:02:57 Successfully created results communications channel
03/23/2017 15:02:57 Exiting InitService
03/23/2017 15:02:57 *****Stopping SUService logging*****



03/24/2017 09:37:16 Returning to OS: 0

03/24/2017 09:37:16 *****Stopping SUService logging*****



03/24/2017 09:37:45 Entered ServiceMain
03/24/2017 09:37:45 Entered InitService
03/24/2017 09:37:45 Successfully created commands communications channel
03/24/2017 09:37:45 Successfully created results communications channel
03/24/2017 09:37:45 Exiting InitService
03/24/2017 09:37:45 *****Stopping SUService logging*****



03/24/2017 11:53:18 Returning to OS: 0

03/24/2017 11:53:18 *****Stopping SUService logging*****



03/24/2017 11:53:46 Entered ServiceMain
03/24/2017 11:53:46 Entered InitService
03/24/2017 11:53:46 Successfully created commands communications channel
03/24/2017 11:53:46 Successfully created results communications channel
03/24/2017 11:53:46 Exiting InitService
03/24/2017 11:53:46 *****Stopping SUService logging*****



03/24/2017 13:45:33 Returning to OS: 0

03/24/2017 13:45:33 *****Stopping SUService logging*****



03/24/2017 13:46:01 Entered ServiceMain
03/24/2017 13:46:01 Entered InitService
03/24/2017 13:46:01 Successfully created commands communications channel
03/24/2017 13:46:01 Successfully created results communications channel
03/24/2017 13:46:01 Exiting InitService
03/24/2017 13:46:01 *****Stopping SUService logging*****



03/28/2017 11:22:36 Returning to OS: 0

03/28/2017 11:22:36 *****Stopping SUService logging*****



03/28/2017 11:23:16 Entered ServiceMain
03/28/2017 11:23:16 Entered InitService
03/28/2017 11:23:16 Successfully created commands communications channel
03/28/2017 11:23:16 Successfully created results communications channel
03/28/2017 11:23:16 Exiting InitService
03/28/2017 11:23:16 *****Stopping SUService logging*****



04/03/2017 18:00:49 Returning to OS: 0

04/03/2017 18:00:49 *****Stopping SUService logging*****



04/03/2017 18:01:25 Entered ServiceMain
04/03/2017 18:01:25 Entered InitService
04/03/2017 18:01:25 Successfully created commands communications channel
04/03/2017 18:01:25 Successfully created results communications channel
04/03/2017 18:01:25 Exiting InitService
04/03/2017 18:01:25 *****Stopping SUService logging*****



04/05/2017 08:28:45 Returning to OS: 0

04/05/2017 08:28:45 *****Stopping SUService logging*****



04/05/2017 08:29:19 Entered ServiceMain
04/05/2017 08:29:19 Entered InitService
04/05/2017 08:29:19 Successfully created commands communications channel
04/05/2017 08:29:19 Successfully created results communications channel
04/05/2017 08:29:19 Exiting InitService
04/05/2017 08:29:19 *****Stopping SUService logging*****



04/06/2017 17:36:31 Returning to OS: 0

04/06/2017 17:36:31 *****Stopping SUService logging*****



04/06/2017 17:37:00 Entered ServiceMain
04/06/2017 17:37:00 Entered InitService
04/06/2017 17:37:00 Successfully created commands communications channel
04/06/2017 17:37:00 Successfully created results communications channel
04/06/2017 17:37:00 Exiting InitService
04/06/2017 17:37:00 *****Stopping SUService logging*****



04/12/2017 09:05:06 Returning to OS: 0

04/12/2017 09:05:06 *****Stopping SUService logging*****



04/12/2017 09:05:38 Entered ServiceMain
04/12/2017 09:05:38 Entered InitService
04/12/2017 09:05:38 Successfully created commands communications channel
04/12/2017 09:05:38 Successfully created results communications channel
04/12/2017 09:05:38 Exiting InitService
04/12/2017 09:05:38 *****Stopping SUService logging*****



